<?xml version="1.0" encoding="UTF-8"?>
<!-- Generated by org.testng.reporters.JUnitReportReporter -->
<testsuite hostname="GSD-86003297" failures="0" tests="1" name="testCases.LoginPage" time="11.442" errors="0" timestamp="2025-09-07T13:46:30 IST" skipped="0">
  <testcase classname="testCases.LoginPage" name="testLogin" time="11.442"/>
</testsuite> <!-- testCases.LoginPage -->
