<?xml version="1.0" encoding="UTF-8"?>
<!-- Generated by org.testng.reporters.JUnitReportReporter -->
<testsuite hostname="GSD-86003297" failures="0" tests="4" name="testCases.TC01_LoginPage" time="25.898" errors="0" timestamp="2025-09-08T17:26:18 IST" skipped="0">
  <testcase classname="testCases.TC01_LoginPage" name="testLogin" time="4.334"/>
  <testcase classname="testCases.TC01_LoginPage" name="testLoginWindow" time="8.292"/>
  <testcase classname="testCases.TC01_LoginPage" name="meetingsPage" time="9.349"/>
  <testcase classname="testCases.TC01_LoginPage" name="meetingDelete" time="3.923"/>
</testsuite> <!-- testCases.TC01_LoginPage -->
